Reading netlist file: "D:\AWORK\04_Archives\SOFT\fpga\tangnano4k\APB_LED\impl\gwsynthesis\APB_LED.vg"
Parsing netlist file "D:\AWORK\04_Archives\SOFT\fpga\tangnano4k\APB_LED\impl\gwsynthesis\APB_LED.vg" completed
Processing netlist completed
Reading constraint file: "D:\AWORK\04_Archives\SOFT\fpga\tangnano4k\APB_LED\src\APB_LED.cst"
Physical Constraint parsed completed
Running placement......
[10%] Placement Phase 0 completed
[20%] Placement Phase 1 completed
[30%] Placement Phase 2 completed
WARN  (TA1132) :  'xtal_clk' was determined to be a clock but was not created.
[50%] Placement Phase 3 completed
Running routing......
[60%] Routing Phase 0 completed
[70%] Routing Phase 1 completed
[80%] Routing Phase 2 completed
WARN  (PR1014) : Generic routing resource will be used to clock signal 'xtal_clk_d' by the specified constraint. And then it may lead to the excessive delay or skew
[90%] Routing Phase 3 completed
Running timing analysis......
[95%] Timing analysis completed
Placement and routing completed
Bitstream generation in progress......
Bitstream generation completed
Running power analysis......
[100%] Power analysis completed
Generate file "D:\AWORK\04_Archives\SOFT\fpga\tangnano4k\APB_LED\impl\pnr\APB_LED.power.html" completed
Generate file "D:\AWORK\04_Archives\SOFT\fpga\tangnano4k\APB_LED\impl\pnr\APB_LED.pin.html" completed
Generate file "D:\AWORK\04_Archives\SOFT\fpga\tangnano4k\APB_LED\impl\pnr\APB_LED.rpt.html" completed
Generate file "D:\AWORK\04_Archives\SOFT\fpga\tangnano4k\APB_LED\impl\pnr\APB_LED.rpt.txt" completed
Generate file "D:\AWORK\04_Archives\SOFT\fpga\tangnano4k\APB_LED\impl\pnr\APB_LED.tr.html" completed
Wed Mar 11 21:35:30 2026

